<?xml version="1.0" encoding="UTF-8"?>
<coverage generated="1486431003698" clover="3.2.0">
  <project timestamp="1486431003699" name="All files">
    <metrics statements="7" coveredstatements="6" conditionals="3" coveredconditionals="2" methods="2" coveredmethods="2" elements="12" coveredelements="10" complexity="0" loc="7" ncloc="7" packages="1" files="1" classes="1">
      <file name="index.js" path="/Users/chrisgregori/Projects/dfuid/lib/index.js">
        <metrics statements="7" coveredstatements="6" conditionals="3" coveredconditionals="2" methods="2" coveredmethods="2"/>
        <line num="1" count="1" type="stmt"/>
        <line num="2" count="1" type="stmt"/>
        <line num="5" count="1000001" type="stmt"/>
        <line num="6" count="0" type="stmt"/>
        <line num="8" count="1000001" type="stmt"/>
        <line num="12" count="1000001" type="stmt"/>
        <line num="15" count="1" type="stmt"/>
      </file>
    </metrics>
  </project>
</coverage>
