{"/Users/chrisgregori/Projects/dfuid/lib/index.js": {"path":"/Users/chrisgregori/Projects/dfuid/lib/index.js","statementMap":{"0":{"start":{"line":1,"column":11},"end":{"line":1,"column":24}},"1":{"start":{"line":2,"column":17},"end":{"line":2,"column":44}},"2":{"start":{"line":5,"column":2},"end":{"line":7,"column":3}},"3":{"start":{"line":6,"column":4},"end":{"line":6,"column":46}},"4":{"start":{"line":8,"column":2},"end":{"line":8,"column":27}},"5":{"start":{"line":12,"column":2},"end":{"line":12,"column":48}},"6":{"start":{"line":15,"column":0},"end":{"line":15,"column":26}}},"fnMap":{"0":{"name":"generate","decl":{"start":{"line":4,"column":9},"end":{"line":4,"column":17}},"loc":{"start":{"line":4,"column":43},"end":{"line":9,"column":1}}},"1":{"name":"randomIntString","decl":{"start":{"line":11,"column":9},"end":{"line":11,"column":24}},"loc":{"start":{"line":11,"column":27},"end":{"line":13,"column":1}}}},"branchMap":{"0":{"loc":{"start":{"line":4,"column":18},"end":{"line":4,"column":41}},"type":"default-arg","locations":[{"start":{"line":4,"column":36},"end":{"line":4,"column":41}}]},"1":{"loc":{"start":{"line":5,"column":2},"end":{"line":7,"column":3}},"type":"if","locations":[{"start":{"line":5,"column":2},"end":{"line":7,"column":3}},{"start":{"line":5,"column":2},"end":{"line":7,"column":3}}]}},"s":{"0":1,"1":1,"2":1000001,"3":0,"4":1000001,"5":1000001,"6":1},"f":{"0":1000001,"1":1000001},"b":{"0":[1000001],"1":[0,1000001]},"_coverageSchema":"332fd63041d2c1bcb487cc26dd0d5f7d97098a6c","hash":"1d1226793dad26cfe5bf42d1f4b713652bc754a0"}
}
